Using pre-set license

 COMMAND LINE ARGUMENTS:
/Applications/Unity/Hub/Editor/2020.2.0f1/Unity.app/Contents/MacOS/Unity
-adb2
-batchMode
-noUpm
-name
AssetImportWorker0
-projectPath
/Users/matthewthomas/Documents/GitHub/Unity3D/Tutorials/Section1/Intro
-logFile
Logs/AssetImportWorker0.log
-srvPort
62101
Successfully changed project path to: /Users/matthewthomas/Documents/GitHub/Unity3D/Tutorials/Section1/Intro
/Users/matthewthomas/Documents/GitHub/Unity3D/Tutorials/Section1/Intro
Using Asset Import Pipeline V2.
Refreshing native plugins compatible for Editor in 22.06 ms, found 1 plugins.
Preloading 0 native plugins for Editor in 0.00 ms.
Initialize engine version: 2020.2.0f1 (3721df5a8b28)
[Subsystems] Discovering subsystems at path /Applications/Unity/Hub/Editor/2020.2.0f1/Unity.app/Contents/Resources/UnitySubsystems
[Subsystems] Discovering subsystems at path /Users/matthewthomas/Documents/GitHub/Unity3D/Tutorials/Section1/Intro/Assets
GfxDevice: creating device client; threaded=0
2021-02-19 20:35:43.085 Unity[25368:1077765] (null) preferred device: Apple M1 (high power)
2021-02-19 20:35:43.085 Unity[25368:1077765] Metal devices available: 1
2021-02-19 20:35:43.085 Unity[25368:1077765] 0: Apple M1 (high power)
2021-02-19 20:35:43.085 Unity[25368:1077765] Using device Apple M1 (high power)
Initializing Metal device caps: Apple M1
Initialize mono
Mono path[0] = '/Applications/Unity/Hub/Editor/2020.2.0f1/Unity.app/Contents/Managed'
Mono path[1] = '/Applications/Unity/Hub/Editor/2020.2.0f1/Unity.app/Contents/MonoBleedingEdge/lib/mono/unityjit'
Mono config path = '/Applications/Unity/Hub/Editor/2020.2.0f1/Unity.app/Contents/MonoBleedingEdge/etc'
Using monoOptions --debugger-agent=transport=dt_socket,embedding=1,server=y,suspend=n,address=127.0.0.1:56368
Begin MonoManager ReloadAssembly
Registering precompiled unity dll's ...
Register platform support module: /Applications/Unity/Hub/Editor/2020.2.0f1/PlaybackEngines/WebGLSupport/UnityEditor.WebGL.Extensions.dll
Register platform support module: /Applications/Unity/Hub/Editor/2020.2.0f1/Unity.app/Contents/PlaybackEngines/MacStandaloneSupport/UnityEditor.OSXStandalone.Extensions.dll
Register platform support module: /Applications/Unity/Hub/Editor/2020.2.0f1/PlaybackEngines/WindowsStandaloneSupport/UnityEditor.WindowsStandalone.Extensions.dll
Register platform support module: /Applications/Unity/Hub/Editor/2020.2.0f1/PlaybackEngines/LinuxStandaloneSupport/UnityEditor.LinuxStandalone.Extensions.dll
Registered in 0.000605 seconds.
Native extension for LinuxStandalone target not found
Native extension for WindowsStandalone target not found
Native extension for OSXStandalone target not found
Native extension for WebGL target not found
Refreshing native plugins compatible for Editor in 21.75 ms, found 1 plugins.
Preloading 0 native plugins for Editor in 0.00 ms.
Invoked RoslynAnalysisRunner static constructor.
RoslynAnalysisRunner will not be running.
RoslynAnalysisRunner has terminated.
Mono: successfully reloaded assembly
- Completed reload, in  2.108 seconds
Platform modules already initialized, skipping
Registering precompiled user dll's ...
Registered in 0.000233 seconds.
Begin MonoManager ReloadAssembly
Native extension for LinuxStandalone target not found
Native extension for WindowsStandalone target not found
Native extension for OSXStandalone target not found
Native extension for WebGL target not found
Refreshing native plugins compatible for Editor in 0.20 ms, found 1 plugins.
Preloading 0 native plugins for Editor in 0.00 ms.
Invoked RoslynAnalysisRunner static constructor.
RoslynAnalysisRunner will not be running.
RoslynAnalysisRunner has terminated.
Mono: successfully reloaded assembly
- Completed reload, in  1.740 seconds
Platform modules already initialized, skipping
========================================================================
Worker process is ready to serve import requests
Launching external process: /Applications/Unity/Hub/Editor/2020.2.0f1/Unity.app/Contents/Tools/UnityShaderCompiler
Launched and connected shader compiler UnityShaderCompiler after 0.03 seconds
Refreshing native plugins compatible for Editor in 0.19 ms, found 1 plugins.
Preloading 0 native plugins for Editor in 0.00 ms.
Unloading 1095 Unused Serialized files (Serialized files now loaded: 0)
System memory in use before: 108.7 MB.
System memory in use after: 108.8 MB.

Unloading 10 unused Assets to reduce memory usage. Loaded Objects now: 1536.
Total: 1.264375 ms (FindLiveObjects: 0.119000 ms CreateObjectMapping: 0.024084 ms MarkObjects: 1.058625 ms  DeleteObjects: 0.061917 ms)

========================================================================
Received Import Request.
  path: Assets/debug test.cs
  artifactKey: Guid(169f65ecc2e9d48d6b895d071be1bddd) Importer(815301076,1909f56bfc062723c751e8b465ee728b)
Start importing Assets/debug test.cs using Guid(169f65ecc2e9d48d6b895d071be1bddd) Importer(815301076,1909f56bfc062723c751e8b465ee728b)  -> (artifact id: '7d147ca6f99b2b10e2f43e93508d2f5f') in 0.589840 seconds
  Import took 0.592608 seconds .

========================================================================
Received Prepare
Registering precompiled user dll's ...
Registered in 0.000324 seconds.
Begin MonoManager ReloadAssembly
Native extension for LinuxStandalone target not found
Native extension for WindowsStandalone target not found
Native extension for OSXStandalone target not found
Native extension for WebGL target not found
Refreshing native plugins compatible for Editor in 0.18 ms, found 1 plugins.
Preloading 0 native plugins for Editor in 0.00 ms.
Invoked RoslynAnalysisRunner static constructor.
RoslynAnalysisRunner will not be running.
RoslynAnalysisRunner has terminated.
Mono: successfully reloaded assembly
- Completed reload, in  1.636 seconds
Platform modules already initialized, skipping
Refreshing native plugins compatible for Editor in 0.16 ms, found 1 plugins.
Preloading 0 native plugins for Editor in 0.00 ms.
Unloading 1090 Unused Serialized files (Serialized files now loaded: 0)
System memory in use before: 113.3 MB.
System memory in use after: 113.3 MB.

Unloading 5 unused Assets to reduce memory usage. Loaded Objects now: 1538.
Total: 1.744167 ms (FindLiveObjects: 0.146041 ms CreateObjectMapping: 0.024625 ms MarkObjects: 1.527916 ms  DeleteObjects: 0.044708 ms)

========================================================================
Received Import Request.
  Time since last request: 26.158539 seconds.
  path: Assets/debug test.cs
  artifactKey: Guid(169f65ecc2e9d48d6b895d071be1bddd) Importer(815301076,1909f56bfc062723c751e8b465ee728b)
Start importing Assets/debug test.cs using Guid(169f65ecc2e9d48d6b895d071be1bddd) Importer(815301076,1909f56bfc062723c751e8b465ee728b)  -> (artifact id: '483b97ce5dd9553ca6691493566372c0') in 0.005631 seconds
  Import took 0.007245 seconds .

========================================================================
Received Import Request.
  Time since last request: 45.219126 seconds.
  path: Assets/debug.cs
  artifactKey: Guid(169f65ecc2e9d48d6b895d071be1bddd) Importer(815301076,1909f56bfc062723c751e8b465ee728b)
Start importing Assets/debug.cs using Guid(169f65ecc2e9d48d6b895d071be1bddd) Importer(815301076,1909f56bfc062723c751e8b465ee728b)  -> (artifact id: 'f1a6f9d31f3b0970d23d4d8eb69d1950') in 0.001798 seconds
  Import took 0.003545 seconds .

========================================================================
Received Prepare
Registering precompiled user dll's ...
Registered in 0.000220 seconds.
Begin MonoManager ReloadAssembly
Native extension for LinuxStandalone target not found
Native extension for WindowsStandalone target not found
Native extension for OSXStandalone target not found
Native extension for WebGL target not found
Refreshing native plugins compatible for Editor in 0.19 ms, found 1 plugins.
Preloading 0 native plugins for Editor in 0.00 ms.
Invoked RoslynAnalysisRunner static constructor.
RoslynAnalysisRunner will not be running.
RoslynAnalysisRunner has terminated.
Mono: successfully reloaded assembly
- Completed reload, in  1.651 seconds
Platform modules already initialized, skipping
Refreshing native plugins compatible for Editor in 0.11 ms, found 1 plugins.
Preloading 0 native plugins for Editor in 0.00 ms.
Unloading 1090 Unused Serialized files (Serialized files now loaded: 0)
System memory in use before: 113.6 MB.
System memory in use after: 113.7 MB.

Unloading 5 unused Assets to reduce memory usage. Loaded Objects now: 1540.
Total: 1.666500 ms (FindLiveObjects: 0.074458 ms CreateObjectMapping: 0.024458 ms MarkObjects: 1.529834 ms  DeleteObjects: 0.037167 ms)

========================================================================
Received Prepare
Registering precompiled user dll's ...
Registered in 0.000278 seconds.
Begin MonoManager ReloadAssembly
Native extension for LinuxStandalone target not found
Native extension for WindowsStandalone target not found
Native extension for OSXStandalone target not found
Native extension for WebGL target not found
Refreshing native plugins compatible for Editor in 0.19 ms, found 1 plugins.
Preloading 0 native plugins for Editor in 0.00 ms.
Invoked RoslynAnalysisRunner static constructor.
RoslynAnalysisRunner will not be running.
RoslynAnalysisRunner has terminated.
Mono: successfully reloaded assembly
- Completed reload, in  1.628 seconds
Platform modules already initialized, skipping
Refreshing native plugins compatible for Editor in 0.11 ms, found 1 plugins.
Preloading 0 native plugins for Editor in 0.00 ms.
Unloading 1090 Unused Serialized files (Serialized files now loaded: 0)
System memory in use before: 114.0 MB.
System memory in use after: 114.1 MB.

Unloading 5 unused Assets to reduce memory usage. Loaded Objects now: 1542.
Total: 1.685042 ms (FindLiveObjects: 0.080791 ms CreateObjectMapping: 0.024584 ms MarkObjects: 1.539875 ms  DeleteObjects: 0.038959 ms)

========================================================================
Received Import Request.
  Time since last request: 23.654471 seconds.
  path: Assets/debug.cs
  artifactKey: Guid(169f65ecc2e9d48d6b895d071be1bddd) Importer(815301076,1909f56bfc062723c751e8b465ee728b)
Start importing Assets/debug.cs using Guid(169f65ecc2e9d48d6b895d071be1bddd) Importer(815301076,1909f56bfc062723c751e8b465ee728b)  -> (artifact id: '17f2a74a1f1a479ac7fed8e4eefe8830') in 0.005468 seconds
  Import took 0.007861 seconds .

========================================================================
Received Prepare
Registering precompiled user dll's ...
Registered in 0.000307 seconds.
Begin MonoManager ReloadAssembly
Native extension for LinuxStandalone target not found
Native extension for WindowsStandalone target not found
Native extension for OSXStandalone target not found
Native extension for WebGL target not found
Refreshing native plugins compatible for Editor in 0.18 ms, found 1 plugins.
Preloading 0 native plugins for Editor in 0.00 ms.
Invoked RoslynAnalysisRunner static constructor.
RoslynAnalysisRunner will not be running.
RoslynAnalysisRunner has terminated.
Mono: successfully reloaded assembly
- Completed reload, in  1.786 seconds
Platform modules already initialized, skipping
Refreshing native plugins compatible for Editor in 0.17 ms, found 1 plugins.
Preloading 0 native plugins for Editor in 0.00 ms.
Unloading 1090 Unused Serialized files (Serialized files now loaded: 0)
System memory in use before: 114.4 MB.
System memory in use after: 114.5 MB.

Unloading 5 unused Assets to reduce memory usage. Loaded Objects now: 1544.
Total: 1.599875 ms (FindLiveObjects: 0.123500 ms CreateObjectMapping: 0.023500 ms MarkObjects: 1.410042 ms  DeleteObjects: 0.041292 ms)

