Using pre-set license

 COMMAND LINE ARGUMENTS:
/Applications/Unity/Hub/Editor/2020.2.0f1/Unity.app/Contents/MacOS/Unity
-adb2
-batchMode
-noUpm
-name
AssetImportWorker0
-projectPath
/Users/matthewthomas/Documents/GitHub/Unity3D/Tutorials/Unity3D-Tutorials/Section3/Project Boost
-logFile
Logs/AssetImportWorker0.log
-srvPort
58257
Successfully changed project path to: /Users/matthewthomas/Documents/GitHub/Unity3D/Tutorials/Unity3D-Tutorials/Section3/Project Boost
/Users/matthewthomas/Documents/GitHub/Unity3D/Tutorials/Unity3D-Tutorials/Section3/Project Boost
Using Asset Import Pipeline V2.
Refreshing native plugins compatible for Editor in 23.13 ms, found 1 plugins.
Preloading 0 native plugins for Editor in 0.00 ms.
Initialize engine version: 2020.2.0f1 (3721df5a8b28)
[Subsystems] Discovering subsystems at path /Applications/Unity/Hub/Editor/2020.2.0f1/Unity.app/Contents/Resources/UnitySubsystems
[Subsystems] Discovering subsystems at path /Users/matthewthomas/Documents/GitHub/Unity3D/Tutorials/Unity3D-Tutorials/Section3/Project Boost/Assets
GfxDevice: creating device client; threaded=0
2021-03-05 19:30:06.672 Unity[37212:2803436] (null) preferred device: Apple M1 (high power)
2021-03-05 19:30:06.672 Unity[37212:2803436] Metal devices available: 1
2021-03-05 19:30:06.672 Unity[37212:2803436] 0: Apple M1 (high power)
2021-03-05 19:30:06.672 Unity[37212:2803436] Using device Apple M1 (high power)
Initializing Metal device caps: Apple M1
Initialize mono
Mono path[0] = '/Applications/Unity/Hub/Editor/2020.2.0f1/Unity.app/Contents/Managed'
Mono path[1] = '/Applications/Unity/Hub/Editor/2020.2.0f1/Unity.app/Contents/MonoBleedingEdge/lib/mono/unityjit'
Mono config path = '/Applications/Unity/Hub/Editor/2020.2.0f1/Unity.app/Contents/MonoBleedingEdge/etc'
Using monoOptions --debugger-agent=transport=dt_socket,embedding=1,server=y,suspend=n,address=127.0.0.1:56212
Begin MonoManager ReloadAssembly
Registering precompiled unity dll's ...
Register platform support module: /Applications/Unity/Hub/Editor/2020.2.0f1/PlaybackEngines/WebGLSupport/UnityEditor.WebGL.Extensions.dll
Register platform support module: /Applications/Unity/Hub/Editor/2020.2.0f1/Unity.app/Contents/PlaybackEngines/MacStandaloneSupport/UnityEditor.OSXStandalone.Extensions.dll
Register platform support module: /Applications/Unity/Hub/Editor/2020.2.0f1/PlaybackEngines/WindowsStandaloneSupport/UnityEditor.WindowsStandalone.Extensions.dll
Register platform support module: /Applications/Unity/Hub/Editor/2020.2.0f1/PlaybackEngines/LinuxStandaloneSupport/UnityEditor.LinuxStandalone.Extensions.dll
Registered in 0.000617 seconds.
Native extension for LinuxStandalone target not found
Native extension for WindowsStandalone target not found
Native extension for OSXStandalone target not found
Native extension for WebGL target not found
Refreshing native plugins compatible for Editor in 23.58 ms, found 1 plugins.
Preloading 0 native plugins for Editor in 0.00 ms.
Invoked RoslynAnalysisRunner static constructor.
RoslynAnalysisRunner will not be running.
RoslynAnalysisRunner has terminated.
Mono: successfully reloaded assembly
- Completed reload, in  2.323 seconds
Platform modules already initialized, skipping
Registering precompiled user dll's ...
Registered in 0.000354 seconds.
Begin MonoManager ReloadAssembly
Native extension for LinuxStandalone target not found
Native extension for WindowsStandalone target not found
Native extension for OSXStandalone target not found
Native extension for WebGL target not found
Refreshing native plugins compatible for Editor in 0.23 ms, found 1 plugins.
Preloading 0 native plugins for Editor in 0.00 ms.
Invoked RoslynAnalysisRunner static constructor.
RoslynAnalysisRunner will not be running.
RoslynAnalysisRunner has terminated.
Mono: successfully reloaded assembly
- Completed reload, in  1.703 seconds
Platform modules already initialized, skipping
========================================================================
Worker process is ready to serve import requests
Launching external process: /Applications/Unity/Hub/Editor/2020.2.0f1/Unity.app/Contents/Tools/UnityShaderCompiler
Launched and connected shader compiler UnityShaderCompiler after 0.03 seconds
Refreshing native plugins compatible for Editor in 0.21 ms, found 1 plugins.
Preloading 0 native plugins for Editor in 0.00 ms.
Unloading 1242 Unused Serialized files (Serialized files now loaded: 0)
System memory in use before: 115.5 MB.
System memory in use after: 115.5 MB.

Unloading 11 unused Assets to reduce memory usage. Loaded Objects now: 1683.
Total: 1.376250 ms (FindLiveObjects: 0.110167 ms CreateObjectMapping: 0.025916 ms MarkObjects: 1.171875 ms  DeleteObjects: 0.067167 ms)

========================================================================
Received Import Request.
  path: Assets/Scripts/ColisionHandler.cs
  artifactKey: Guid(69e3dce514bbe450a93c8720cc337293) Importer(815301076,1909f56bfc062723c751e8b465ee728b)
Start importing Assets/Scripts/ColisionHandler.cs using Guid(69e3dce514bbe450a93c8720cc337293) Importer(815301076,1909f56bfc062723c751e8b465ee728b)  -> (artifact id: 'fa471ab969c9ac8738ff2493c3e4f4cf') in 0.201838 seconds
  Import took 0.203590 seconds .

========================================================================
Received Import Request.
  Time since last request: 0.118397 seconds.
  path: Assets/Scripts/ColisionHandler.cs
  artifactKey: Guid(69e3dce514bbe450a93c8720cc337293) Importer(815301076,1909f56bfc062723c751e8b465ee728b)
Start importing Assets/Scripts/ColisionHandler.cs using Guid(69e3dce514bbe450a93c8720cc337293) Importer(815301076,1909f56bfc062723c751e8b465ee728b)  -> (artifact id: 'fa471ab969c9ac8738ff2493c3e4f4cf') in 0.002325 seconds
  Import took 0.003970 seconds .

========================================================================
Received Prepare
Refreshing native plugins compatible for Editor in 0.97 ms, found 1 plugins.
Preloading 0 native plugins for Editor in 0.00 ms.
Unloading 3 Unused Serialized files (Serialized files now loaded: 0)
System memory in use before: 94.8 MB.
System memory in use after: 94.9 MB.

Unloading 3 unused Assets to reduce memory usage. Loaded Objects now: 1683.
Total: 3.619458 ms (FindLiveObjects: 0.214792 ms CreateObjectMapping: 0.024958 ms MarkObjects: 3.322375 ms  DeleteObjects: 0.056375 ms)

========================================================================
Received Prepare
Registering precompiled user dll's ...
Registered in 0.000410 seconds.
Begin MonoManager ReloadAssembly
Native extension for LinuxStandalone target not found
Native extension for WindowsStandalone target not found
Native extension for OSXStandalone target not found
Native extension for WebGL target not found
Refreshing native plugins compatible for Editor in 0.22 ms, found 1 plugins.
Preloading 0 native plugins for Editor in 0.00 ms.
Invoked RoslynAnalysisRunner static constructor.
RoslynAnalysisRunner will not be running.
RoslynAnalysisRunner has terminated.
Mono: successfully reloaded assembly
- Completed reload, in  1.627 seconds
Platform modules already initialized, skipping
Refreshing native plugins compatible for Editor in 0.27 ms, found 1 plugins.
Preloading 0 native plugins for Editor in 0.00 ms.
Unloading 1237 Unused Serialized files (Serialized files now loaded: 0)
System memory in use before: 120.4 MB.
System memory in use after: 120.5 MB.

Unloading 6 unused Assets to reduce memory usage. Loaded Objects now: 1686.
Total: 1.116125 ms (FindLiveObjects: 0.087000 ms CreateObjectMapping: 0.025375 ms MarkObjects: 0.959417 ms  DeleteObjects: 0.043584 ms)

========================================================================
Received Import Request.
  Time since last request: 109.457228 seconds.
  path: Assets/Scripts/ColisionHandler.cs
  artifactKey: Guid(69e3dce514bbe450a93c8720cc337293) Importer(815301076,1909f56bfc062723c751e8b465ee728b)
Start importing Assets/Scripts/ColisionHandler.cs using Guid(69e3dce514bbe450a93c8720cc337293) Importer(815301076,1909f56bfc062723c751e8b465ee728b)  -> (artifact id: '2645ef0da77dbd86628258346be6db15') in 0.005814 seconds
  Import took 0.007425 seconds .

