Using pre-set license

 COMMAND LINE ARGUMENTS:
/Applications/Unity/Hub/Editor/2020.2.0f1/Unity.app/Contents/MacOS/Unity
-adb2
-batchMode
-noUpm
-name
AssetImportWorker0
-projectPath
/Users/matthewthomas/Documents/GitHub/Unity3D/Tutorials/Section2/BallBoi
-logFile
Logs/AssetImportWorker0.log
-srvPort
56303
Successfully changed project path to: /Users/matthewthomas/Documents/GitHub/Unity3D/Tutorials/Section2/BallBoi
/Users/matthewthomas/Documents/GitHub/Unity3D/Tutorials/Section2/BallBoi
Using Asset Import Pipeline V2.
Refreshing native plugins compatible for Editor in 23.42 ms, found 1 plugins.
Preloading 0 native plugins for Editor in 0.00 ms.
Initialize engine version: 2020.2.0f1 (3721df5a8b28)
[Subsystems] Discovering subsystems at path /Applications/Unity/Hub/Editor/2020.2.0f1/Unity.app/Contents/Resources/UnitySubsystems
[Subsystems] Discovering subsystems at path /Users/matthewthomas/Documents/GitHub/Unity3D/Tutorials/Section2/BallBoi/Assets
GfxDevice: creating device client; threaded=0
2021-02-23 21:00:28.434 Unity[10681:352488] (null) preferred device: Apple M1 (high power)
2021-02-23 21:00:28.434 Unity[10681:352488] Metal devices available: 1
2021-02-23 21:00:28.434 Unity[10681:352488] 0: Apple M1 (high power)
2021-02-23 21:00:28.434 Unity[10681:352488] Using device Apple M1 (high power)
Initializing Metal device caps: Apple M1
Initialize mono
Mono path[0] = '/Applications/Unity/Hub/Editor/2020.2.0f1/Unity.app/Contents/Managed'
Mono path[1] = '/Applications/Unity/Hub/Editor/2020.2.0f1/Unity.app/Contents/MonoBleedingEdge/lib/mono/unityjit'
Mono config path = '/Applications/Unity/Hub/Editor/2020.2.0f1/Unity.app/Contents/MonoBleedingEdge/etc'
Using monoOptions --debugger-agent=transport=dt_socket,embedding=1,server=y,suspend=n,address=127.0.0.1:56681
Begin MonoManager ReloadAssembly
Registering precompiled unity dll's ...
Register platform support module: /Applications/Unity/Hub/Editor/2020.2.0f1/PlaybackEngines/WebGLSupport/UnityEditor.WebGL.Extensions.dll
Register platform support module: /Applications/Unity/Hub/Editor/2020.2.0f1/Unity.app/Contents/PlaybackEngines/MacStandaloneSupport/UnityEditor.OSXStandalone.Extensions.dll
Register platform support module: /Applications/Unity/Hub/Editor/2020.2.0f1/PlaybackEngines/WindowsStandaloneSupport/UnityEditor.WindowsStandalone.Extensions.dll
Register platform support module: /Applications/Unity/Hub/Editor/2020.2.0f1/PlaybackEngines/LinuxStandaloneSupport/UnityEditor.LinuxStandalone.Extensions.dll
Registered in 0.001873 seconds.
Native extension for LinuxStandalone target not found
Native extension for WindowsStandalone target not found
Native extension for OSXStandalone target not found
Native extension for WebGL target not found
Refreshing native plugins compatible for Editor in 22.43 ms, found 1 plugins.
Preloading 0 native plugins for Editor in 0.00 ms.
Invoked RoslynAnalysisRunner static constructor.
RoslynAnalysisRunner will not be running.
RoslynAnalysisRunner has terminated.
Mono: successfully reloaded assembly
- Completed reload, in  2.103 seconds
Platform modules already initialized, skipping
Registering precompiled user dll's ...
Registered in 0.000236 seconds.
Begin MonoManager ReloadAssembly
Native extension for LinuxStandalone target not found
Native extension for WindowsStandalone target not found
Native extension for OSXStandalone target not found
Native extension for WebGL target not found
Refreshing native plugins compatible for Editor in 0.20 ms, found 1 plugins.
Preloading 0 native plugins for Editor in 0.00 ms.
Invoked RoslynAnalysisRunner static constructor.
RoslynAnalysisRunner will not be running.
RoslynAnalysisRunner has terminated.
Mono: successfully reloaded assembly
- Completed reload, in  1.749 seconds
Platform modules already initialized, skipping
========================================================================
Worker process is ready to serve import requests
Launching external process: /Applications/Unity/Hub/Editor/2020.2.0f1/Unity.app/Contents/Tools/UnityShaderCompiler
Launched and connected shader compiler UnityShaderCompiler after 0.03 seconds
Refreshing native plugins compatible for Editor in 0.19 ms, found 1 plugins.
Preloading 0 native plugins for Editor in 0.00 ms.
Unloading 1244 Unused Serialized files (Serialized files now loaded: 0)
System memory in use before: 115.7 MB.
System memory in use after: 115.8 MB.

Unloading 11 unused Assets to reduce memory usage. Loaded Objects now: 1685.
Total: 1.308708 ms (FindLiveObjects: 0.108000 ms CreateObjectMapping: 0.025542 ms MarkObjects: 1.114500 ms  DeleteObjects: 0.059917 ms)

========================================================================
Received Import Request.
  path: Assets/Scripts/TimeElapsed.cs
  artifactKey: Guid(acd901fb3a2974e97b0bfeac1261fb02) Importer(815301076,1909f56bfc062723c751e8b465ee728b)
Start importing Assets/Scripts/TimeElapsed.cs using Guid(acd901fb3a2974e97b0bfeac1261fb02) Importer(815301076,1909f56bfc062723c751e8b465ee728b)  -> (artifact id: '51a84e3b2b11ca7c13d70b47e29507c2') in 0.260018 seconds
  Import took 0.261837 seconds .

========================================================================
Received Prepare
Registering precompiled user dll's ...
Registered in 0.000275 seconds.
Begin MonoManager ReloadAssembly
Native extension for LinuxStandalone target not found
Native extension for WindowsStandalone target not found
Native extension for OSXStandalone target not found
Native extension for WebGL target not found
Refreshing native plugins compatible for Editor in 0.20 ms, found 1 plugins.
Preloading 0 native plugins for Editor in 0.00 ms.
Invoked RoslynAnalysisRunner static constructor.
RoslynAnalysisRunner will not be running.
RoslynAnalysisRunner has terminated.
Mono: successfully reloaded assembly
- Completed reload, in  1.646 seconds
Platform modules already initialized, skipping
Refreshing native plugins compatible for Editor in 0.20 ms, found 1 plugins.
Preloading 0 native plugins for Editor in 0.00 ms.
Unloading 1239 Unused Serialized files (Serialized files now loaded: 0)
System memory in use before: 120.5 MB.
System memory in use after: 120.6 MB.

Unloading 6 unused Assets to reduce memory usage. Loaded Objects now: 1688.
Total: 1.327083 ms (FindLiveObjects: 0.100041 ms CreateObjectMapping: 0.026208 ms MarkObjects: 1.161458 ms  DeleteObjects: 0.038500 ms)

========================================================================
Received Prepare
Registering precompiled user dll's ...
Registered in 0.000466 seconds.
Begin MonoManager ReloadAssembly
Native extension for LinuxStandalone target not found
Native extension for WindowsStandalone target not found
Native extension for OSXStandalone target not found
Native extension for WebGL target not found
Refreshing native plugins compatible for Editor in 0.19 ms, found 1 plugins.
Preloading 0 native plugins for Editor in 0.00 ms.
Invoked RoslynAnalysisRunner static constructor.
RoslynAnalysisRunner will not be running.
RoslynAnalysisRunner has terminated.
Mono: successfully reloaded assembly
- Completed reload, in  1.613 seconds
Platform modules already initialized, skipping
Refreshing native plugins compatible for Editor in 0.17 ms, found 1 plugins.
Preloading 0 native plugins for Editor in 0.00 ms.
Unloading 1238 Unused Serialized files (Serialized files now loaded: 0)
System memory in use before: 120.9 MB.
System memory in use after: 121.0 MB.

Unloading 6 unused Assets to reduce memory usage. Loaded Objects now: 1690.
Total: 1.336417 ms (FindLiveObjects: 0.099834 ms CreateObjectMapping: 0.026959 ms MarkObjects: 1.168416 ms  DeleteObjects: 0.040333 ms)

========================================================================
Received Prepare
Registering precompiled user dll's ...
Registered in 0.000323 seconds.
Begin MonoManager ReloadAssembly
Native extension for LinuxStandalone target not found
Native extension for WindowsStandalone target not found
Native extension for OSXStandalone target not found
Native extension for WebGL target not found
Refreshing native plugins compatible for Editor in 0.20 ms, found 1 plugins.
Preloading 0 native plugins for Editor in 0.00 ms.
Invoked RoslynAnalysisRunner static constructor.
RoslynAnalysisRunner will not be running.
RoslynAnalysisRunner has terminated.
Mono: successfully reloaded assembly
- Completed reload, in  1.693 seconds
Platform modules already initialized, skipping
Refreshing native plugins compatible for Editor in 0.24 ms, found 1 plugins.
Preloading 0 native plugins for Editor in 0.00 ms.
Unloading 1238 Unused Serialized files (Serialized files now loaded: 0)
System memory in use before: 121.7 MB.
System memory in use after: 121.8 MB.

Unloading 6 unused Assets to reduce memory usage. Loaded Objects now: 1692.
Total: 1.339666 ms (FindLiveObjects: 0.128750 ms CreateObjectMapping: 0.024917 ms MarkObjects: 1.141708 ms  DeleteObjects: 0.043083 ms)

========================================================================
Received Prepare
Registering precompiled user dll's ...
Registered in 0.000260 seconds.
Begin MonoManager ReloadAssembly
Native extension for LinuxStandalone target not found
Native extension for WindowsStandalone target not found
Native extension for OSXStandalone target not found
Native extension for WebGL target not found
Refreshing native plugins compatible for Editor in 0.20 ms, found 1 plugins.
Preloading 0 native plugins for Editor in 0.00 ms.
Invoked RoslynAnalysisRunner static constructor.
RoslynAnalysisRunner will not be running.
RoslynAnalysisRunner has terminated.
Mono: successfully reloaded assembly
- Completed reload, in  1.651 seconds
Platform modules already initialized, skipping
Refreshing native plugins compatible for Editor in 0.20 ms, found 1 plugins.
Preloading 0 native plugins for Editor in 0.00 ms.
Unloading 1238 Unused Serialized files (Serialized files now loaded: 0)
System memory in use before: 122.3 MB.
System memory in use after: 122.3 MB.

Unloading 6 unused Assets to reduce memory usage. Loaded Objects now: 1694.
Total: 1.328416 ms (FindLiveObjects: 0.112375 ms CreateObjectMapping: 0.025958 ms MarkObjects: 1.148667 ms  DeleteObjects: 0.040333 ms)

========================================================================
Received Prepare
Registering precompiled user dll's ...
Registered in 0.000286 seconds.
Begin MonoManager ReloadAssembly
Native extension for LinuxStandalone target not found
Native extension for WindowsStandalone target not found
Native extension for OSXStandalone target not found
Native extension for WebGL target not found
Refreshing native plugins compatible for Editor in 0.19 ms, found 1 plugins.
Preloading 0 native plugins for Editor in 0.00 ms.
Invoked RoslynAnalysisRunner static constructor.
RoslynAnalysisRunner will not be running.
RoslynAnalysisRunner has terminated.
Mono: successfully reloaded assembly
- Completed reload, in  1.606 seconds
Platform modules already initialized, skipping
Refreshing native plugins compatible for Editor in 0.18 ms, found 1 plugins.
Preloading 0 native plugins for Editor in 0.00 ms.
Unloading 1238 Unused Serialized files (Serialized files now loaded: 0)
System memory in use before: 121.9 MB.
System memory in use after: 122.0 MB.

Unloading 6 unused Assets to reduce memory usage. Loaded Objects now: 1696.
Total: 1.334000 ms (FindLiveObjects: 0.114708 ms CreateObjectMapping: 0.026500 ms MarkObjects: 1.151041 ms  DeleteObjects: 0.040875 ms)

========================================================================
Received Import Request.
  Time since last request: 1057.323710 seconds.
  path: ProjectSettings/TagManager.asset
  artifactKey: Guid(00000000000000003000000000000000) Importer(815301076,1909f56bfc062723c751e8b465ee728b)
Start importing ProjectSettings/TagManager.asset using Guid(00000000000000003000000000000000) Importer(815301076,1909f56bfc062723c751e8b465ee728b)  -> (artifact id: '02d818ef25c000f3cd3e45568800dd46') in 0.584658 seconds
  Import took 0.586733 seconds .

========================================================================
Received Prepare
Registering precompiled user dll's ...
Registered in 0.000395 seconds.
Begin MonoManager ReloadAssembly
Native extension for LinuxStandalone target not found
Native extension for WindowsStandalone target not found
Native extension for OSXStandalone target not found
Native extension for WebGL target not found
Refreshing native plugins compatible for Editor in 0.20 ms, found 1 plugins.
Preloading 0 native plugins for Editor in 0.00 ms.
Invoked RoslynAnalysisRunner static constructor.
RoslynAnalysisRunner will not be running.
RoslynAnalysisRunner has terminated.
Mono: successfully reloaded assembly
- Completed reload, in  1.715 seconds
Platform modules already initialized, skipping
Refreshing native plugins compatible for Editor in 0.20 ms, found 1 plugins.
Preloading 0 native plugins for Editor in 0.00 ms.
Unloading 1238 Unused Serialized files (Serialized files now loaded: 0)
System memory in use before: 126.8 MB.
System memory in use after: 126.8 MB.

Unloading 7 unused Assets to reduce memory usage. Loaded Objects now: 1698.
Total: 1.585667 ms (FindLiveObjects: 0.162500 ms CreateObjectMapping: 0.026000 ms MarkObjects: 1.337417 ms  DeleteObjects: 0.058250 ms)

========================================================================
Received Prepare
Registering precompiled user dll's ...
Registered in 0.000322 seconds.
Begin MonoManager ReloadAssembly
Native extension for LinuxStandalone target not found
Native extension for WindowsStandalone target not found
Native extension for OSXStandalone target not found
Native extension for WebGL target not found
Refreshing native plugins compatible for Editor in 0.20 ms, found 1 plugins.
Preloading 0 native plugins for Editor in 0.00 ms.
Invoked RoslynAnalysisRunner static constructor.
RoslynAnalysisRunner will not be running.
RoslynAnalysisRunner has terminated.
Mono: successfully reloaded assembly
- Completed reload, in  1.781 seconds
Platform modules already initialized, skipping
Refreshing native plugins compatible for Editor in 0.18 ms, found 1 plugins.
Preloading 0 native plugins for Editor in 0.00 ms.
Unloading 1238 Unused Serialized files (Serialized files now loaded: 0)
System memory in use before: 127.6 MB.
System memory in use after: 127.7 MB.

Unloading 6 unused Assets to reduce memory usage. Loaded Objects now: 1700.
Total: 1.321208 ms (FindLiveObjects: 0.130250 ms CreateObjectMapping: 0.024833 ms MarkObjects: 1.125125 ms  DeleteObjects: 0.040291 ms)

========================================================================
Received Import Request.
  Time since last request: 35143.348207 seconds.
  path: Assets/Scripts/Spinner.cs
  artifactKey: Guid(3232548b778b34b50b428448e11d7112) Importer(815301076,1909f56bfc062723c751e8b465ee728b)
Start importing Assets/Scripts/Spinner.cs using Guid(3232548b778b34b50b428448e11d7112) Importer(815301076,1909f56bfc062723c751e8b465ee728b)  -> (artifact id: '83d9994fbc5ea987cbe166741a85082d') in 0.014509 seconds
  Import took 0.016600 seconds .

========================================================================
Received Prepare
Registering precompiled user dll's ...
Registered in 0.000256 seconds.
Begin MonoManager ReloadAssembly
Native extension for LinuxStandalone target not found
Native extension for WindowsStandalone target not found
Native extension for OSXStandalone target not found
Native extension for WebGL target not found
Refreshing native plugins compatible for Editor in 0.22 ms, found 1 plugins.
Preloading 0 native plugins for Editor in 0.00 ms.
Invoked RoslynAnalysisRunner static constructor.
RoslynAnalysisRunner will not be running.
RoslynAnalysisRunner has terminated.
Mono: successfully reloaded assembly
- Completed reload, in  1.735 seconds
Platform modules already initialized, skipping
Refreshing native plugins compatible for Editor in 0.19 ms, found 1 plugins.
Preloading 0 native plugins for Editor in 0.00 ms.
Unloading 1239 Unused Serialized files (Serialized files now loaded: 0)
System memory in use before: 127.5 MB.
System memory in use after: 127.6 MB.

Unloading 6 unused Assets to reduce memory usage. Loaded Objects now: 1703.
Total: 1.309208 ms (FindLiveObjects: 0.087917 ms CreateObjectMapping: 0.025333 ms MarkObjects: 1.153333 ms  DeleteObjects: 0.041667 ms)

========================================================================
Received Import Request.
  Time since last request: 54.809851 seconds.
  path: Assets/Materials/Ground.mat
  artifactKey: Guid(350a29110c83e4dfb9c84e69f322d7eb) Importer(815301076,1909f56bfc062723c751e8b465ee728b)
Start importing Assets/Materials/Ground.mat using Guid(350a29110c83e4dfb9c84e69f322d7eb) Importer(815301076,1909f56bfc062723c751e8b465ee728b)  -> (artifact id: 'bceac0de800aef830518b60a944926fe') in 0.436969 seconds
  Import took 0.446497 seconds .

========================================================================
Received Import Request.
  Time since last request: 0.000178 seconds.
  path: Assets/Materials/Obsticle.mat
  artifactKey: Guid(bae2961b9223d4c3891e8b71d100f806) Importer(815301076,1909f56bfc062723c751e8b465ee728b)
Start importing Assets/Materials/Obsticle.mat using Guid(bae2961b9223d4c3891e8b71d100f806) Importer(815301076,1909f56bfc062723c751e8b465ee728b)  -> (artifact id: 'ed79345840067a23dd281b9df309edb7') in 0.014784 seconds
  Import took 0.016386 seconds .

========================================================================
Received Import Request.
  Time since last request: 142.604414 seconds.
  path: Assets/Scripts/Spinner.cs
  artifactKey: Guid(3232548b778b34b50b428448e11d7112) Importer(815301076,1909f56bfc062723c751e8b465ee728b)
Start importing Assets/Scripts/Spinner.cs using Guid(3232548b778b34b50b428448e11d7112) Importer(815301076,1909f56bfc062723c751e8b465ee728b)  -> (artifact id: '3ade6425a46c56d35aeafabb2d49f168') in 0.002341 seconds
  Import took 0.004672 seconds .

========================================================================
Received Prepare
Registering precompiled user dll's ...
Registered in 0.000335 seconds.
Begin MonoManager ReloadAssembly
Native extension for LinuxStandalone target not found
Native extension for WindowsStandalone target not found
Native extension for OSXStandalone target not found
Native extension for WebGL target not found
Refreshing native plugins compatible for Editor in 0.23 ms, found 1 plugins.
Preloading 0 native plugins for Editor in 0.00 ms.
Invoked RoslynAnalysisRunner static constructor.
RoslynAnalysisRunner will not be running.
RoslynAnalysisRunner has terminated.
Mono: successfully reloaded assembly
- Completed reload, in  1.737 seconds
Platform modules already initialized, skipping
Refreshing native plugins compatible for Editor in 0.20 ms, found 1 plugins.
Preloading 0 native plugins for Editor in 0.00 ms.
Unloading 1239 Unused Serialized files (Serialized files now loaded: 0)
System memory in use before: 136.0 MB.
System memory in use after: 136.1 MB.

Unloading 6 unused Assets to reduce memory usage. Loaded Objects now: 1745.
Total: 1.398583 ms (FindLiveObjects: 0.112958 ms CreateObjectMapping: 0.026375 ms MarkObjects: 1.215500 ms  DeleteObjects: 0.042750 ms)

========================================================================
Received Prepare
Registering precompiled user dll's ...
Registered in 0.000342 seconds.
Begin MonoManager ReloadAssembly
Native extension for LinuxStandalone target not found
Native extension for WindowsStandalone target not found
Native extension for OSXStandalone target not found
Native extension for WebGL target not found
Refreshing native plugins compatible for Editor in 0.19 ms, found 1 plugins.
Preloading 0 native plugins for Editor in 0.00 ms.
Invoked RoslynAnalysisRunner static constructor.
RoslynAnalysisRunner will not be running.
RoslynAnalysisRunner has terminated.
Mono: successfully reloaded assembly
- Completed reload, in  1.658 seconds
Platform modules already initialized, skipping
Refreshing native plugins compatible for Editor in 0.19 ms, found 1 plugins.
Preloading 0 native plugins for Editor in 0.00 ms.
Unloading 1239 Unused Serialized files (Serialized files now loaded: 0)
System memory in use before: 135.8 MB.
System memory in use after: 135.9 MB.

Unloading 6 unused Assets to reduce memory usage. Loaded Objects now: 1747.
Total: 1.409875 ms (FindLiveObjects: 0.131875 ms CreateObjectMapping: 0.027417 ms MarkObjects: 1.203791 ms  DeleteObjects: 0.046000 ms)

========================================================================
Received Import Request.
  Time since last request: 7354.617474 seconds.
  path: Assets/Pre-fabs
  artifactKey: Guid(28f5a2ed4516a4476a97274ea6544997) Importer(815301076,1909f56bfc062723c751e8b465ee728b)
Start importing Assets/Pre-fabs using Guid(28f5a2ed4516a4476a97274ea6544997) Importer(815301076,1909f56bfc062723c751e8b465ee728b)  -> (artifact id: '10163740e31982f7c8cf907212e545c5') in 0.004463 seconds
  Import took 0.006403 seconds .

========================================================================
Received Import Request.
  Time since last request: 11.705641 seconds.
  path: Assets/Pre-fabs/Player.prefab
  artifactKey: Guid(8e8fe6652e2734f358baf974a40db4b5) Importer(815301076,1909f56bfc062723c751e8b465ee728b)
Start importing Assets/Pre-fabs/Player.prefab using Guid(8e8fe6652e2734f358baf974a40db4b5) Importer(815301076,1909f56bfc062723c751e8b465ee728b)  -> (artifact id: '2ae9890a008c0b2f34446a830d5fa126') in 0.290256 seconds
  Import took 0.292392 seconds .

========================================================================
Received Import Request.
  Time since last request: 10.274561 seconds.
  path: Assets/Pre-fabs/Dropper.prefab
  artifactKey: Guid(daa59b5f59b464086902040eb13dc1d6) Importer(815301076,1909f56bfc062723c751e8b465ee728b)
Start importing Assets/Pre-fabs/Dropper.prefab using Guid(daa59b5f59b464086902040eb13dc1d6) Importer(815301076,1909f56bfc062723c751e8b465ee728b)  -> (artifact id: 'fd6d07d3ad6679c05520b765efe89211') in 0.014938 seconds
  Import took 0.017044 seconds .

========================================================================
Received Import Request.
  Time since last request: 0.013174 seconds.
  path: Assets/Pre-fabs/Dropper.prefab
  artifactKey: Guid(daa59b5f59b464086902040eb13dc1d6) Importer(815301076,1909f56bfc062723c751e8b465ee728b)
Start importing Assets/Pre-fabs/Dropper.prefab using Guid(daa59b5f59b464086902040eb13dc1d6) Importer(815301076,1909f56bfc062723c751e8b465ee728b)  -> (artifact id: 'fd6d07d3ad6679c05520b765efe89211') in 0.006282 seconds
  Import took 0.008312 seconds .

========================================================================
Received Import Request.
  Time since last request: 1.765129 seconds.
  path: Assets/Pre-fabs/Spinner.prefab
  artifactKey: Guid(9bc22c47b7f9848678ddcb6d214b96de) Importer(815301076,1909f56bfc062723c751e8b465ee728b)
Start importing Assets/Pre-fabs/Spinner.prefab using Guid(9bc22c47b7f9848678ddcb6d214b96de) Importer(815301076,1909f56bfc062723c751e8b465ee728b)  -> (artifact id: '45233b18dd9878fbfd9aed462b2a8c27') in 0.007399 seconds
  Import took 0.009314 seconds .

========================================================================
Received Import Request.
  Time since last request: 0.009981 seconds.
  path: Assets/Pre-fabs/Spinner.prefab
  artifactKey: Guid(9bc22c47b7f9848678ddcb6d214b96de) Importer(815301076,1909f56bfc062723c751e8b465ee728b)
Start importing Assets/Pre-fabs/Spinner.prefab using Guid(9bc22c47b7f9848678ddcb6d214b96de) Importer(815301076,1909f56bfc062723c751e8b465ee728b)  -> (artifact id: '45233b18dd9878fbfd9aed462b2a8c27') in 0.006064 seconds
  Import took 0.008098 seconds .

========================================================================
Received Prepare
Registering precompiled user dll's ...
Registered in 0.000282 seconds.
Begin MonoManager ReloadAssembly
Native extension for LinuxStandalone target not found
Native extension for WindowsStandalone target not found
Native extension for OSXStandalone target not found
Native extension for WebGL target not found
Refreshing native plugins compatible for Editor in 0.19 ms, found 1 plugins.
Preloading 0 native plugins for Editor in 0.00 ms.
Invoked RoslynAnalysisRunner static constructor.
RoslynAnalysisRunner will not be running.
RoslynAnalysisRunner has terminated.
Mono: successfully reloaded assembly
- Completed reload, in  1.720 seconds
Platform modules already initialized, skipping
Refreshing native plugins compatible for Editor in 0.20 ms, found 1 plugins.
Preloading 0 native plugins for Editor in 0.00 ms.
Unloading 1239 Unused Serialized files (Serialized files now loaded: 0)
System memory in use before: 140.7 MB.
System memory in use after: 140.8 MB.

Unloading 6 unused Assets to reduce memory usage. Loaded Objects now: 1752.
Total: 1.308375 ms (FindLiveObjects: 0.098584 ms CreateObjectMapping: 0.026084 ms MarkObjects: 1.118167 ms  DeleteObjects: 0.064875 ms)

